This file contains any messages produced by compilers while
running configure, to aid debugging if configure makes a mistake.

It was created by rofi-emoji configure 3.2.0, which was
generated by GNU Autoconf 2.71.  Invocation command line was

  $ ../configure

## --------- ##
## Platform. ##
## --------- ##

hostname = Curiouser
uname -m = x86_64
uname -r = 5.15.0-78-generic
uname -s = Linux
uname -v = #85-Ubuntu SMP Fri Jul 7 15:25:09 UTC 2023

/usr/bin/uname -p = x86_64
/bin/uname -X     = unknown

/bin/arch              = x86_64
/usr/bin/arch -k       = unknown
/usr/convex/getsysinfo = unknown
/usr/bin/hostinfo      = unknown
/bin/machine           = unknown
/usr/bin/oslevel       = unknown
/bin/universe          = unknown

PATH: /usr/local/sbin/
PATH: /usr/local/bin/
PATH: /usr/sbin/
PATH: /usr/bin/
PATH: /sbin/
PATH: /bin/
PATH: /usr/games/
PATH: /usr/local/games/
PATH: /snap/bin/
PATH: /usr/local/bin/


## ----------- ##
## Core tests. ##
## ----------- ##

configure:2399: looking for aux files: config.guess config.sub ltmain.sh ar-lib compile missing install-sh
configure:2412:  trying ../
configure:2441:   ../config.guess found
configure:2441:   ../config.sub found
configure:2441:   ../ltmain.sh found
configure:2441:   ../ar-lib found
configure:2441:   ../compile found
configure:2441:   ../missing found
configure:2423:   ../install-sh found
configure:2576: checking for a BSD-compatible install
configure:2649: result: /usr/bin/install -c
configure:2660: checking whether build environment is sane
configure:2715: result: yes
configure:2874: checking for a race-free mkdir -p
configure:2918: result: /usr/bin/mkdir -p
configure:2925: checking for gawk
configure:2946: found /usr/bin/gawk
configure:2957: result: gawk
configure:2968: checking whether make sets $(MAKE)
configure:2991: result: yes
configure:3021: checking whether make supports nested variables
configure:3039: result: yes
configure:3187: checking whether make supports nested variables
configure:3205: result: yes
configure:3285: checking for clang
configure:3320: result: no
configure:3285: checking for gcc
configure:3306: found /usr/bin/gcc
configure:3317: result: gcc
configure:3348: checking for C compiler version
configure:3357: gcc --version >&5
gcc (Ubuntu 11.4.0-1ubuntu1~22.04) 11.4.0
Copyright (C) 2021 Free Software Foundation, Inc.
This is free software; see the source for copying conditions.  There is NO
warranty; not even for MERCHANTABILITY or FITNESS FOR A PARTICULAR PURPOSE.

configure:3368: $? = 0
configure:3357: gcc -v >&5
Using built-in specs.
COLLECT_GCC=gcc
COLLECT_LTO_WRAPPER=/usr/lib/gcc/x86_64-linux-gnu/11/lto-wrapper
OFFLOAD_TARGET_NAMES=nvptx-none:amdgcn-amdhsa
OFFLOAD_TARGET_DEFAULT=1
Target: x86_64-linux-gnu
Configured with: ../src/configure -v --with-pkgversion='Ubuntu 11.4.0-1ubuntu1~22.04' --with-bugurl=file:///usr/share/doc/gcc-11/README.Bugs --enable-languages=c,ada,c++,go,brig,d,fortran,objc,obj-c++,m2 --prefix=/usr --with-gcc-major-version-only --program-suffix=-11 --program-prefix=x86_64-linux-gnu- --enable-shared --enable-linker-build-id --libexecdir=/usr/lib --without-included-gettext --enable-threads=posix --libdir=/usr/lib --enable-nls --enable-bootstrap --enable-clocale=gnu --enable-libstdcxx-debug --enable-libstdcxx-time=yes --with-default-libstdcxx-abi=new --enable-gnu-unique-object --disable-vtable-verify --enable-plugin --enable-default-pie --with-system-zlib --enable-libphobos-checking=release --with-target-system-zlib=auto --enable-objc-gc=auto --enable-multiarch --disable-werror --enable-cet --with-arch-32=i686 --with-abi=m64 --with-multilib-list=m32,m64,mx32 --enable-multilib --with-tune=generic --enable-offload-targets=nvptx-none=/build/gcc-11-XeT9lY/gcc-11-11.4.0/debian/tmp-nvptx/usr,amdgcn-amdhsa=/build/gcc-11-XeT9lY/gcc-11-11.4.0/debian/tmp-gcn/usr --without-cuda-driver --enable-checking=release --build=x86_64-linux-gnu --host=x86_64-linux-gnu --target=x86_64-linux-gnu --with-build-config=bootstrap-lto-lean --enable-link-serialization=2
Thread model: posix
Supported LTO compression algorithms: zlib zstd
gcc version 11.4.0 (Ubuntu 11.4.0-1ubuntu1~22.04) 
... rest of stderr output deleted ...
configure:3368: $? = 0
configure:3357: gcc -V >&5
gcc: error: unrecognized command-line option '-V'
gcc: fatal error: no input files
compilation terminated.
configure:3368: $? = 1
configure:3357: gcc -qversion >&5
gcc: error: unrecognized command-line option '-qversion'; did you mean '--version'?
gcc: fatal error: no input files
compilation terminated.
configure:3368: $? = 1
configure:3357: gcc -version >&5
gcc: error: unrecognized command-line option '-version'
gcc: fatal error: no input files
compilation terminated.
configure:3368: $? = 1
configure:3388: checking whether the C compiler works
configure:3410: gcc    conftest.c  >&5
configure:3414: $? = 0
configure:3464: result: yes
configure:3467: checking for C compiler default output file name
configure:3469: result: a.out
configure:3475: checking for suffix of executables
configure:3482: gcc -o conftest    conftest.c  >&5
configure:3486: $? = 0
configure:3509: result: 
configure:3531: checking whether we are cross compiling
configure:3539: gcc -o conftest    conftest.c  >&5
configure:3543: $? = 0
configure:3550: ./conftest
configure:3554: $? = 0
configure:3569: result: no
configure:3574: checking for suffix of object files
configure:3597: gcc -c   conftest.c >&5
configure:3601: $? = 0
configure:3623: result: o
configure:3627: checking whether the compiler supports GNU C
configure:3647: gcc -c   conftest.c >&5
configure:3647: $? = 0
configure:3657: result: yes
configure:3668: checking whether gcc accepts -g
configure:3689: gcc -c -g  conftest.c >&5
configure:3689: $? = 0
configure:3733: result: yes
configure:3753: checking for gcc option to enable C11 features
configure:3768: gcc  -c -g -O2  conftest.c >&5
configure:3768: $? = 0
configure:3786: result: none needed
configure:3902: checking whether gcc understands -c and -o together
configure:3925: gcc -c conftest.c -o conftest2.o
configure:3928: $? = 0
configure:3925: gcc -c conftest.c -o conftest2.o
configure:3928: $? = 0
configure:3940: result: yes
configure:3960: checking whether make supports the include directive
configure:3975: make -f confmf.GNU && cat confinc.out
this is the am__doit target
configure:3978: $? = 0
configure:3997: result: yes (GNU style)
configure:4023: checking dependency style of gcc
configure:4135: result: gcc3
configure:4158: checking for stdio.h
configure:4158: gcc -c -g -O2  conftest.c >&5
configure:4158: $? = 0
configure:4158: result: yes
configure:4158: checking for stdlib.h
configure:4158: gcc -c -g -O2  conftest.c >&5
configure:4158: $? = 0
configure:4158: result: yes
configure:4158: checking for string.h
configure:4158: gcc -c -g -O2  conftest.c >&5
configure:4158: $? = 0
configure:4158: result: yes
configure:4158: checking for inttypes.h
configure:4158: gcc -c -g -O2  conftest.c >&5
configure:4158: $? = 0
configure:4158: result: yes
configure:4158: checking for stdint.h
configure:4158: gcc -c -g -O2  conftest.c >&5
configure:4158: $? = 0
configure:4158: result: yes
configure:4158: checking for strings.h
configure:4158: gcc -c -g -O2  conftest.c >&5
configure:4158: $? = 0
configure:4158: result: yes
configure:4158: checking for sys/stat.h
configure:4158: gcc -c -g -O2  conftest.c >&5
configure:4158: $? = 0
configure:4158: result: yes
configure:4158: checking for sys/types.h
configure:4158: gcc -c -g -O2  conftest.c >&5
configure:4158: $? = 0
configure:4158: result: yes
configure:4158: checking for unistd.h
configure:4158: gcc -c -g -O2  conftest.c >&5
configure:4158: $? = 0
configure:4158: result: yes
configure:4158: checking for wchar.h
configure:4158: gcc -c -g -O2  conftest.c >&5
configure:4158: $? = 0
configure:4158: result: yes
configure:4158: checking for minix/config.h
configure:4158: gcc -c -g -O2  conftest.c >&5
conftest.c:49:10: fatal error: minix/config.h: No such file or directory
   49 | #include <minix/config.h>
      |          ^~~~~~~~~~~~~~~~
compilation terminated.
configure:4158: $? = 1
configure: failed program was:
| /* confdefs.h */
| #define PACKAGE_NAME "rofi-emoji"
| #define PACKAGE_TARNAME "rofi-emoji"
| #define PACKAGE_VERSION "3.2.0"
| #define PACKAGE_STRING "rofi-emoji 3.2.0"
| #define PACKAGE_BUGREPORT "https://github.com/Mange/rofi-emoji"
| #define PACKAGE_URL "https://github.com/Mange/rofi-emoji/issues"
| #define PACKAGE "rofi-emoji"
| #define VERSION "3.2.0"
| #define HAVE_STDIO_H 1
| #define HAVE_STDLIB_H 1
| #define HAVE_STRING_H 1
| #define HAVE_INTTYPES_H 1
| #define HAVE_STDINT_H 1
| #define HAVE_STRINGS_H 1
| #define HAVE_SYS_STAT_H 1
| #define HAVE_SYS_TYPES_H 1
| #define HAVE_UNISTD_H 1
| #define HAVE_WCHAR_H 1
| /* end confdefs.h.  */
| #include <stddef.h>
| #ifdef HAVE_STDIO_H
| # include <stdio.h>
| #endif
| #ifdef HAVE_STDLIB_H
| # include <stdlib.h>
| #endif
| #ifdef HAVE_STRING_H
| # include <string.h>
| #endif
| #ifdef HAVE_INTTYPES_H
| # include <inttypes.h>
| #endif
| #ifdef HAVE_STDINT_H
| # include <stdint.h>
| #endif
| #ifdef HAVE_STRINGS_H
| # include <strings.h>
| #endif
| #ifdef HAVE_SYS_TYPES_H
| # include <sys/types.h>
| #endif
| #ifdef HAVE_SYS_STAT_H
| # include <sys/stat.h>
| #endif
| #ifdef HAVE_UNISTD_H
| # include <unistd.h>
| #endif
| #include <minix/config.h>
configure:4158: result: no
configure:4189: checking whether it is safe to define __EXTENSIONS__
configure:4208: gcc -c -g -O2  conftest.c >&5
configure:4208: $? = 0
configure:4216: result: yes
configure:4219: checking whether _XOPEN_SOURCE should be defined
configure:4241: gcc -c -g -O2  conftest.c >&5
configure:4241: $? = 0
configure:4268: result: no
configure:4380: checking for ar
configure:4401: found /usr/bin/ar
configure:4412: result: ar
configure:4438: checking the archiver (ar) interface
configure:4455: gcc -c -g -O2  conftest.c >&5
configure:4455: $? = 0
configure:4458: ar cru libconftest.a conftest.o >&5
ar: `u' modifier ignored since `D' is the default (see `U')
configure:4461: $? = 0
configure:4489: result: ar
configure:4572: checking for pkg-config
configure:4595: found /usr/bin/pkg-config
configure:4607: result: /usr/bin/pkg-config
configure:4632: checking pkg-config is at least version 0.9.0
configure:4635: result: yes
configure:4647: checking for glib
configure:4654: $PKG_CONFIG --exists --print-errors "glib-2.0 >= 2.40 gio-unix-2.0 gmodule-2.0 "
configure:4657: $? = 0
configure:4671: $PKG_CONFIG --exists --print-errors "glib-2.0 >= 2.40 gio-unix-2.0 gmodule-2.0 "
configure:4674: $? = 0
configure:4732: result: yes
configure:4738: checking for cairo
configure:4745: $PKG_CONFIG --exists --print-errors "cairo"
configure:4748: $? = 0
configure:4762: $PKG_CONFIG --exists --print-errors "cairo"
configure:4765: $? = 0
configure:4823: result: yes
configure:4829: checking for rofi
configure:4836: $PKG_CONFIG --exists --print-errors "rofi"
configure:4839: $? = 0
configure:4853: $PKG_CONFIG --exists --print-errors "rofi"
configure:4856: $? = 0
configure:4914: result: yes
configure:5037: checking for CHECK
configure:5044: $PKG_CONFIG --exists --print-errors "check"
Package check was not found in the pkg-config search path.
Perhaps you should add the directory containing `check.pc'
to the PKG_CONFIG_PATH environment variable
No package 'check' found
configure:5047: $? = 1
configure:5061: $PKG_CONFIG --exists --print-errors "check"
Package check was not found in the pkg-config search path.
Perhaps you should add the directory containing `check.pc'
to the PKG_CONFIG_PATH environment variable
No package 'check' found
configure:5064: $? = 1
configure:5078: result: no
No package 'check' found
configure:5164: checking build system type
configure:5179: result: x86_64-pc-linux-gnu
configure:5199: checking host system type
configure:5213: result: x86_64-pc-linux-gnu
configure:5254: checking how to print strings
configure:5281: result: printf
configure:5302: checking for a sed that does not truncate output
configure:5372: result: /usr/bin/sed
configure:5390: checking for grep that handles long lines and -e
configure:5454: result: /usr/bin/grep
configure:5459: checking for egrep
configure:5527: result: /usr/bin/grep -E
configure:5532: checking for fgrep
configure:5600: result: /usr/bin/grep -F
configure:5636: checking for ld used by gcc
configure:5704: result: /usr/bin/ld
configure:5711: checking if the linker (/usr/bin/ld) is GNU ld
configure:5727: result: yes
configure:5739: checking for BSD- or MS-compatible name lister (nm)
configure:5794: result: /usr/bin/nm -B
configure:5934: checking the name lister (/usr/bin/nm -B) interface
configure:5942: gcc -c -g -O2  conftest.c >&5
configure:5945: /usr/bin/nm -B "conftest.o"
configure:5948: output
0000000000000000 B some_variable
configure:5955: result: BSD nm
configure:5958: checking whether ln -s works
configure:5962: result: yes
configure:5970: checking the maximum length of command line arguments
configure:6102: result: 1572864
configure:6150: checking how to convert x86_64-pc-linux-gnu file names to x86_64-pc-linux-gnu format
configure:6191: result: func_convert_file_noop
configure:6198: checking how to convert x86_64-pc-linux-gnu file names to toolchain format
configure:6219: result: func_convert_file_noop
configure:6226: checking for /usr/bin/ld option to reload object files
configure:6234: result: -r
configure:6313: checking for objdump
configure:6334: found /usr/bin/objdump
configure:6345: result: objdump
configure:6377: checking how to recognize dependent libraries
configure:6578: result: pass_all
configure:6668: checking for dlltool
configure:6703: result: no
configure:6733: checking how to associate runtime and link libraries
configure:6761: result: printf %s\n
configure:6895: checking for archiver @FILE support
configure:6913: gcc -c -g -O2  conftest.c >&5
configure:6913: $? = 0
configure:6917: ar cr libconftest.a @conftest.lst >&5
configure:6920: $? = 0
configure:6925: ar cr libconftest.a @conftest.lst >&5
ar: conftest.o: No such file or directory
configure:6928: $? = 1
configure:6940: result: @
configure:7003: checking for strip
configure:7024: found /usr/bin/strip
configure:7035: result: strip
configure:7112: checking for ranlib
configure:7133: found /usr/bin/ranlib
configure:7144: result: ranlib
configure:7246: checking command to parse /usr/bin/nm -B output from gcc object
configure:7400: gcc -c -g -O2  conftest.c >&5
configure:7403: $? = 0
configure:7407: /usr/bin/nm -B conftest.o | sed -n -e 's/^.*[	 ]\([ABCDGIRSTW][ABCDGIRSTW]*\)[	 ][	 ]*\([_A-Za-z][_A-Za-z0-9]*\)$/\1 \2 \2/p' | sed '/ __gnu_lto/d' > conftest.nm
configure:7473: gcc -o conftest -g -O2   conftest.c conftstm.o >&5
configure:7476: $? = 0
configure:7514: result: ok
configure:7561: checking for sysroot
configure:7592: result: no
configure:7599: checking for a working dd
configure:7643: result: /usr/bin/dd
configure:7647: checking how to truncate binary pipes
configure:7663: result: /usr/bin/dd bs=4096 count=1
configure:7800: gcc -c -g -O2  conftest.c >&5
configure:7803: $? = 0
configure:8000: checking for mt
configure:8021: found /usr/bin/mt
configure:8032: result: mt
configure:8055: checking if mt is a manifest tool
configure:8062: mt '-?'
configure:8070: result: no
configure:8796: checking for dlfcn.h
configure:8796: gcc -c -g -O2  conftest.c >&5
configure:8796: $? = 0
configure:8796: result: yes
configure:9054: checking for objdir
configure:9070: result: .libs
configure:9334: checking if gcc supports -fno-rtti -fno-exceptions
configure:9353: gcc -c -g -O2  -fno-rtti -fno-exceptions conftest.c >&5
cc1: warning: command-line option '-fno-rtti' is valid for C++/D/ObjC++ but not for C
configure:9357: $? = 0
configure:9370: result: no
configure:9734: checking for gcc option to produce PIC
configure:9742: result: -fPIC -DPIC
configure:9750: checking if gcc PIC flag -fPIC -DPIC works
configure:9769: gcc -c -g -O2  -fPIC -DPIC -DPIC conftest.c >&5
configure:9773: $? = 0
configure:9786: result: yes
configure:9815: checking if gcc static flag -static works
configure:9844: result: yes
configure:9859: checking if gcc supports -c -o file.o
configure:9881: gcc -c -g -O2  -o out/conftest2.o conftest.c >&5
configure:9885: $? = 0
configure:9907: result: yes
configure:9915: checking if gcc supports -c -o file.o
configure:9963: result: yes
configure:9996: checking whether the gcc linker (/usr/bin/ld -m elf_x86_64) supports shared libraries
configure:11266: result: yes
configure:11303: checking whether -lc should be explicitly linked in
configure:11312: gcc -c -g -O2  conftest.c >&5
configure:11315: $? = 0
configure:11330: gcc -shared  -fPIC -DPIC conftest.o  -v -Wl,-soname -Wl,conftest -o conftest 2\>\&1 \| /usr/bin/grep  -lc  \>/dev/null 2\>\&1
configure:11333: $? = 0
configure:11347: result: no
configure:11507: checking dynamic linker characteristics
configure:12089: gcc -o conftest -g -O2   -Wl,-rpath -Wl,/foo conftest.c  >&5
configure:12089: $? = 0
configure:12340: result: GNU/Linux ld.so
configure:12462: checking how to hardcode library paths into programs
configure:12487: result: immediate
configure:13039: checking whether stripping libraries is possible
configure:13044: result: yes
configure:13079: checking if libtool supports shared libraries
configure:13081: result: yes
configure:13084: checking whether to build shared libraries
configure:13109: result: yes
configure:13112: checking whether to build static libraries
configure:13116: result: no
configure:13259: checking that generated files are newer than configure
configure:13265: result: done
configure:13292: creating ./config.status

## ---------------------- ##
## Running config.status. ##
## ---------------------- ##

This file was extended by rofi-emoji config.status 3.2.0, which was
generated by GNU Autoconf 2.71.  Invocation command line was

  CONFIG_FILES    = 
  CONFIG_HEADERS  = 
  CONFIG_LINKS    = 
  CONFIG_COMMANDS = 
  $ ./config.status 

on Curiouser

config.status:1115: creating Makefile
config.status:1115: creating config.h
config.status:1281: config.h is unchanged
config.status:1329: executing depfiles commands
config.status:1406: cd .       && sed -e '/# am--include-marker/d' Makefile         | make -f - am--depfiles
make: Nothing to be done for 'am--depfiles'.
config.status:1411: $? = 0
config.status:1329: executing libtool commands

## ---------------- ##
## Cache variables. ##
## ---------------- ##

ac_cv_build=x86_64-pc-linux-gnu
ac_cv_c_compiler_gnu=yes
ac_cv_env_CC_set=
ac_cv_env_CC_value=
ac_cv_env_CFLAGS_set=
ac_cv_env_CFLAGS_value=
ac_cv_env_CHECK_CFLAGS_set=
ac_cv_env_CHECK_CFLAGS_value=
ac_cv_env_CHECK_LIBS_set=
ac_cv_env_CHECK_LIBS_value=
ac_cv_env_CPPFLAGS_set=
ac_cv_env_CPPFLAGS_value=
ac_cv_env_LDFLAGS_set=
ac_cv_env_LDFLAGS_value=
ac_cv_env_LIBS_set=
ac_cv_env_LIBS_value=
ac_cv_env_LT_SYS_LIBRARY_PATH_set=
ac_cv_env_LT_SYS_LIBRARY_PATH_value=
ac_cv_env_PKG_CONFIG_LIBDIR_set=
ac_cv_env_PKG_CONFIG_LIBDIR_value=
ac_cv_env_PKG_CONFIG_PATH_set=
ac_cv_env_PKG_CONFIG_PATH_value=
ac_cv_env_PKG_CONFIG_set=
ac_cv_env_PKG_CONFIG_value=
ac_cv_env_build_alias_set=
ac_cv_env_build_alias_value=
ac_cv_env_cairo_CFLAGS_set=
ac_cv_env_cairo_CFLAGS_value=
ac_cv_env_cairo_LIBS_set=
ac_cv_env_cairo_LIBS_value=
ac_cv_env_glib_CFLAGS_set=
ac_cv_env_glib_CFLAGS_value=
ac_cv_env_glib_LIBS_set=
ac_cv_env_glib_LIBS_value=
ac_cv_env_host_alias_set=
ac_cv_env_host_alias_value=
ac_cv_env_rofi_CFLAGS_set=
ac_cv_env_rofi_CFLAGS_value=
ac_cv_env_rofi_LIBS_set=
ac_cv_env_rofi_LIBS_value=
ac_cv_env_target_alias_set=
ac_cv_env_target_alias_value=
ac_cv_header_dlfcn_h=yes
ac_cv_header_inttypes_h=yes
ac_cv_header_minix_config_h=no
ac_cv_header_stdint_h=yes
ac_cv_header_stdio_h=yes
ac_cv_header_stdlib_h=yes
ac_cv_header_string_h=yes
ac_cv_header_strings_h=yes
ac_cv_header_sys_stat_h=yes
ac_cv_header_sys_types_h=yes
ac_cv_header_unistd_h=yes
ac_cv_header_wchar_h=yes
ac_cv_host=x86_64-pc-linux-gnu
ac_cv_objext=o
ac_cv_path_EGREP='/usr/bin/grep -E'
ac_cv_path_FGREP='/usr/bin/grep -F'
ac_cv_path_GREP=/usr/bin/grep
ac_cv_path_SED=/usr/bin/sed
ac_cv_path_ac_pt_PKG_CONFIG=/usr/bin/pkg-config
ac_cv_path_install='/usr/bin/install -c'
ac_cv_path_lt_DD=/usr/bin/dd
ac_cv_path_mkdir=/usr/bin/mkdir
ac_cv_prog_AWK=gawk
ac_cv_prog_ac_ct_AR=ar
ac_cv_prog_ac_ct_CC=gcc
ac_cv_prog_ac_ct_MANIFEST_TOOL=mt
ac_cv_prog_ac_ct_OBJDUMP=objdump
ac_cv_prog_ac_ct_RANLIB=ranlib
ac_cv_prog_ac_ct_STRIP=strip
ac_cv_prog_cc_c11=
ac_cv_prog_cc_g=yes
ac_cv_prog_cc_stdc=
ac_cv_prog_make_make_set=yes
ac_cv_safe_to_define___extensions__=yes
ac_cv_should_define__xopen_source=no
am_cv_CC_dependencies_compiler_type=gcc3
am_cv_ar_interface=ar
am_cv_make_support_nested_variables=yes
am_cv_prog_cc_c_o=yes
lt_cv_ar_at_file=@
lt_cv_archive_cmds_need_lc=no
lt_cv_deplibs_check_method=pass_all
lt_cv_file_magic_cmd='$MAGIC_CMD'
lt_cv_file_magic_test_file=
lt_cv_ld_reload_flag=-r
lt_cv_nm_interface='BSD nm'
lt_cv_objdir=.libs
lt_cv_path_LD=/usr/bin/ld
lt_cv_path_NM='/usr/bin/nm -B'
lt_cv_path_mainfest_tool=no
lt_cv_prog_compiler_c_o=yes
lt_cv_prog_compiler_pic='-fPIC -DPIC'
lt_cv_prog_compiler_pic_works=yes
lt_cv_prog_compiler_rtti_exceptions=no
lt_cv_prog_compiler_static_works=yes
lt_cv_prog_gnu_ld=yes
lt_cv_sharedlib_from_linklib_cmd='printf %s\n'
lt_cv_shlibpath_overrides_runpath=yes
lt_cv_sys_global_symbol_pipe='sed -n -e '\''s/^.*[	 ]\([ABCDGIRSTW][ABCDGIRSTW]*\)[	 ][	 ]*\([_A-Za-z][_A-Za-z0-9]*\)$/\1 \2 \2/p'\'' | sed '\''/ __gnu_lto/d'\'''
lt_cv_sys_global_symbol_to_c_name_address='sed -n -e '\''s/^: \(.*\) .*$/  {"\1", (void *) 0},/p'\'' -e '\''s/^[ABCDGIRSTW][ABCDGIRSTW]* .* \(.*\)$/  {"\1", (void *) \&\1},/p'\'''
lt_cv_sys_global_symbol_to_c_name_address_lib_prefix='sed -n -e '\''s/^: \(.*\) .*$/  {"\1", (void *) 0},/p'\'' -e '\''s/^[ABCDGIRSTW][ABCDGIRSTW]* .* \(lib.*\)$/  {"\1", (void *) \&\1},/p'\'' -e '\''s/^[ABCDGIRSTW][ABCDGIRSTW]* .* \(.*\)$/  {"lib\1", (void *) \&\1},/p'\'''
lt_cv_sys_global_symbol_to_cdecl='sed -n -e '\''s/^T .* \(.*\)$/extern int \1();/p'\'' -e '\''s/^[ABCDGIRSTW][ABCDGIRSTW]* .* \(.*\)$/extern char \1;/p'\'''
lt_cv_sys_global_symbol_to_import=
lt_cv_sys_max_cmd_len=1572864
lt_cv_to_host_file_cmd=func_convert_file_noop
lt_cv_to_tool_file_cmd=func_convert_file_noop
lt_cv_truncate_bin='/usr/bin/dd bs=4096 count=1'
pkg_cv_cairo_CFLAGS='-I/usr/include/cairo -I/usr/include/glib-2.0 -I/usr/lib/x86_64-linux-gnu/glib-2.0/include -I/usr/include/pixman-1 -I/usr/include/uuid -I/usr/include/freetype2 -I/usr/include/libpng16'
pkg_cv_cairo_LIBS=-lcairo
pkg_cv_glib_CFLAGS='-pthread -I/usr/include/gio-unix-2.0 -I/usr/include/libmount -I/usr/include/blkid -I/usr/include/glib-2.0 -I/usr/lib/x86_64-linux-gnu/glib-2.0/include'
pkg_cv_glib_LIBS='-lgio-2.0 -lgobject-2.0 -Wl,--export-dynamic -lgmodule-2.0 -pthread -lglib-2.0'
pkg_cv_rofi_CFLAGS='-pthread -I/usr/include/ -I/usr/include/cairo -I/usr/include/glib-2.0 -I/usr/lib/x86_64-linux-gnu/glib-2.0/include -I/usr/include/pixman-1 -I/usr/include/uuid -I/usr/include/freetype2 -I/usr/include/libpng16'
pkg_cv_rofi_LIBS=

## ----------------- ##
## Output variables. ##
## ----------------- ##

ACLOCAL='${SHELL} '\''/home/curiouser/Documents/rofi-emoji/missing'\'' aclocal-1.16'
AMDEPBACKSLASH='\'
AMDEP_FALSE='#'
AMDEP_TRUE=''
AMTAR='$${TAR-tar}'
AM_BACKSLASH='\'
AM_CFLAGS='-Wall -Wextra -Wparentheses -Winline -pedantic  -Wunreachable-code'
AM_DEFAULT_V='$(AM_DEFAULT_VERBOSITY)'
AM_DEFAULT_VERBOSITY='0'
AM_V='$(V)'
AR='ar'
AUTOCONF='${SHELL} '\''/home/curiouser/Documents/rofi-emoji/missing'\'' autoconf'
AUTOHEADER='${SHELL} '\''/home/curiouser/Documents/rofi-emoji/missing'\'' autoheader'
AUTOMAKE='${SHELL} '\''/home/curiouser/Documents/rofi-emoji/missing'\'' automake-1.16'
AWK='gawk'
CC='gcc'
CCDEPMODE='depmode=gcc3'
CFLAGS='-g -O2'
CHECK_CFLAGS=''
CHECK_LIBS=''
CPPFLAGS=''
CSCOPE='cscope'
CTAGS='ctags'
CYGPATH_W='echo'
DEFS='-DHAVE_CONFIG_H'
DEPDIR='.deps'
DLLTOOL='false'
DSYMUTIL=''
DUMPBIN=''
ECHO_C=''
ECHO_N='-n'
ECHO_T=''
EGREP='/usr/bin/grep -E'
ETAGS='etags'
EXEEXT=''
FGREP='/usr/bin/grep -F'
GREP='/usr/bin/grep'
HAVE_CHECK_FALSE=''
HAVE_CHECK_TRUE='#'
INSTALL_DATA='${INSTALL} -m 644'
INSTALL_PROGRAM='${INSTALL}'
INSTALL_SCRIPT='${INSTALL}'
INSTALL_STRIP_PROGRAM='$(install_sh) -c -s'
LD='/usr/bin/ld -m elf_x86_64'
LDFLAGS=''
LIBOBJS=''
LIBS=''
LIBTOOL='$(SHELL) $(top_builddir)/libtool'
LIPO=''
LN_S='ln -s'
LTLIBOBJS=''
LT_SYS_LIBRARY_PATH=''
MAKEINFO='${SHELL} '\''/home/curiouser/Documents/rofi-emoji/missing'\'' makeinfo'
MANIFEST_TOOL=':'
MKDIR_P='/usr/bin/mkdir -p'
NM='/usr/bin/nm -B'
NMEDIT=''
OBJDUMP='objdump'
OBJEXT='o'
OTOOL64=''
OTOOL=''
PACKAGE='rofi-emoji'
PACKAGE_BUGREPORT='https://github.com/Mange/rofi-emoji'
PACKAGE_NAME='rofi-emoji'
PACKAGE_STRING='rofi-emoji 3.2.0'
PACKAGE_TARNAME='rofi-emoji'
PACKAGE_URL='https://github.com/Mange/rofi-emoji/issues'
PACKAGE_VERSION='3.2.0'
PATH_SEPARATOR=':'
PKG_CONFIG='/usr/bin/pkg-config'
PKG_CONFIG_LIBDIR=''
PKG_CONFIG_PATH=''
RANLIB='ranlib'
SED='/usr/bin/sed'
SET_MAKE=''
SHELL='/bin/bash'
STRIP='strip'
VERSION='3.2.0'
ac_ct_AR='ar'
ac_ct_CC='gcc'
ac_ct_DUMPBIN=''
am__EXEEXT_FALSE=''
am__EXEEXT_TRUE='#'
am__fastdepCC_FALSE='#'
am__fastdepCC_TRUE=''
am__include='include'
am__isrc=' -I$(srcdir)'
am__leading_dot='.'
am__nodep='_no'
am__quote=''
am__tar='$${TAR-tar} chof - "$$tardir"'
am__untar='$${TAR-tar} xf -'
bindir='${exec_prefix}/bin'
build='x86_64-pc-linux-gnu'
build_alias=''
build_cpu='x86_64'
build_os='linux-gnu'
build_vendor='pc'
cairo_CFLAGS='-I/usr/include/cairo -I/usr/include/glib-2.0 -I/usr/lib/x86_64-linux-gnu/glib-2.0/include -I/usr/include/pixman-1 -I/usr/include/uuid -I/usr/include/freetype2 -I/usr/include/libpng16'
cairo_LIBS='-lcairo'
datadir='${datarootdir}'
datarootdir='${prefix}/share'
docdir='${datarootdir}/doc/${PACKAGE_TARNAME}'
dvidir='${docdir}'
exec_prefix='${prefix}'
glib_CFLAGS='-pthread -I/usr/include/gio-unix-2.0 -I/usr/include/libmount -I/usr/include/blkid -I/usr/include/glib-2.0 -I/usr/lib/x86_64-linux-gnu/glib-2.0/include'
glib_LIBS='-lgio-2.0 -lgobject-2.0 -Wl,--export-dynamic -lgmodule-2.0 -pthread -lglib-2.0'
host='x86_64-pc-linux-gnu'
host_alias=''
host_cpu='x86_64'
host_os='linux-gnu'
host_vendor='pc'
htmldir='${docdir}'
includedir='${prefix}/include'
infodir='${datarootdir}/info'
install_sh='${SHELL} /home/curiouser/Documents/rofi-emoji/install-sh'
libdir='${exec_prefix}/lib'
libexecdir='${exec_prefix}/libexec'
localedir='${datarootdir}/locale'
localstatedir='${prefix}/var'
mandir='${datarootdir}/man'
mkdir_p='$(MKDIR_P)'
oldincludedir='/usr/include'
pdfdir='${docdir}'
prefix='/usr/local'
program_transform_name='s,x,x,'
psdir='${docdir}'
rofi_CFLAGS='-pthread -I/usr/include/ -I/usr/include/cairo -I/usr/include/glib-2.0 -I/usr/lib/x86_64-linux-gnu/glib-2.0/include -I/usr/include/pixman-1 -I/usr/include/uuid -I/usr/include/freetype2 -I/usr/include/libpng16'
rofi_LIBS=''
rofi_PLUGIN_INSTALL_DIR='/usr/lib/x86_64-linux-gnu/rofi/'
runstatedir='${localstatedir}/run'
sbindir='${exec_prefix}/sbin'
sharedstatedir='${prefix}/com'
sysconfdir='${prefix}/etc'
target_alias=''

## ----------- ##
## confdefs.h. ##
## ----------- ##

/* confdefs.h */
#define PACKAGE_NAME "rofi-emoji"
#define PACKAGE_TARNAME "rofi-emoji"
#define PACKAGE_VERSION "3.2.0"
#define PACKAGE_STRING "rofi-emoji 3.2.0"
#define PACKAGE_BUGREPORT "https://github.com/Mange/rofi-emoji"
#define PACKAGE_URL "https://github.com/Mange/rofi-emoji/issues"
#define PACKAGE "rofi-emoji"
#define VERSION "3.2.0"
#define HAVE_STDIO_H 1
#define HAVE_STDLIB_H 1
#define HAVE_STRING_H 1
#define HAVE_INTTYPES_H 1
#define HAVE_STDINT_H 1
#define HAVE_STRINGS_H 1
#define HAVE_SYS_STAT_H 1
#define HAVE_SYS_TYPES_H 1
#define HAVE_UNISTD_H 1
#define HAVE_WCHAR_H 1
#define STDC_HEADERS 1
#define _ALL_SOURCE 1
#define _DARWIN_C_SOURCE 1
#define _GNU_SOURCE 1
#define _HPUX_ALT_XOPEN_SOCKET_API 1
#define _NETBSD_SOURCE 1
#define _OPENBSD_SOURCE 1
#define _POSIX_PTHREAD_SEMANTICS 1
#define __STDC_WANT_IEC_60559_ATTRIBS_EXT__ 1
#define __STDC_WANT_IEC_60559_BFP_EXT__ 1
#define __STDC_WANT_IEC_60559_DFP_EXT__ 1
#define __STDC_WANT_IEC_60559_FUNCS_EXT__ 1
#define __STDC_WANT_IEC_60559_TYPES_EXT__ 1
#define __STDC_WANT_LIB_EXT2__ 1
#define __STDC_WANT_MATH_SPEC_FUNCS__ 1
#define _TANDEM_SOURCE 1
#define __EXTENSIONS__ 1
#define HAVE_DLFCN_H 1
#define LT_OBJDIR ".libs/"

configure: exit 0
